<?xml version="1.0" encoding="UTF-8"?>
<!-- Generated by org.testng.reporters.JUnitReportReporter -->
<testsuite name="trainee.restassured.tests.HeaderAuthorization" tests="1" time="1.672" ignored="0" failures="0" timestamp="20 oct 2018 14:52:00 GMT" skipped="0" hostname="MX-IT01393" errors="0">
  <testcase name="givenUrlBody" time="1.672" classname="trainee.restassured.tests.HeaderAuthorization"/>
</testsuite> <!-- trainee.restassured.tests.HeaderAuthorization -->
