<?xml version="1.0" encoding="UTF-8"?>
<!-- Generated by org.testng.reporters.JUnitReportReporter -->
<testsuite name="trainee.restassured.tests.SchemaValidationTests" tests="11" time="6.718" ignored="0" failures="0" timestamp="20 oct 2018 17:44:32 GMT" skipped="0" hostname="MX-IT01393" errors="0">
  <testcase name="postsId100" time="0.349" classname="trainee.restassured.tests.SchemaValidationTests"/>
  <testcase name="schemaValidation" time="1.147" classname="trainee.restassured.tests.SchemaValidationTests"/>
  <testcase name="schemaValidation" time="0.750" classname="trainee.restassured.tests.SchemaValidationTests"/>
  <testcase name="schemaValidation" time="0.663" classname="trainee.restassured.tests.SchemaValidationTests"/>
  <testcase name="getPostsUserId1" time="0.320" classname="trainee.restassured.tests.SchemaValidationTests"/>
  <testcase name="schemaValidation" time="0.644" classname="trainee.restassured.tests.SchemaValidationTests"/>
  <testcase name="schemaValidation" time="0.944" classname="trainee.restassured.tests.SchemaValidationTests"/>
  <testcase name="schemaValidation" time="0.615" classname="trainee.restassured.tests.SchemaValidationTests"/>
  <testcase name="postsId50" time="0.324" classname="trainee.restassured.tests.SchemaValidationTests"/>
  <testcase name="postsId20" time="0.644" classname="trainee.restassured.tests.SchemaValidationTests"/>
  <testcase name="getCommentsPostId1" time="0.318" classname="trainee.restassured.tests.SchemaValidationTests"/>
</testsuite> <!-- trainee.restassured.tests.SchemaValidationTests -->
