<?xml version="1.0" encoding="UTF-8"?>
<!-- Generated by org.testng.reporters.JUnitReportReporter -->
<testsuite name="trainee.restassured.tests.ResourceValidationTest" tests="6" time="3.294" ignored="0" failures="0" timestamp="20 oct 2018 17:44:32 GMT" skipped="0" hostname="MX-IT01393" errors="0">
  <testcase name="getvalResources" time="0.426" classname="trainee.restassured.tests.ResourceValidationTest"/>
  <testcase name="getvalResources" time="0.322" classname="trainee.restassured.tests.ResourceValidationTest"/>
  <testcase name="getvalResources" time="0.315" classname="trainee.restassured.tests.ResourceValidationTest"/>
  <testcase name="getvalResources" time="0.321" classname="trainee.restassured.tests.ResourceValidationTest"/>
  <testcase name="getvalResources" time="1.560" classname="trainee.restassured.tests.ResourceValidationTest"/>
  <testcase name="getvalResources" time="0.350" classname="trainee.restassured.tests.ResourceValidationTest"/>
</testsuite> <!-- trainee.restassured.tests.ResourceValidationTest -->
